2023-05-31 19:42:49,499 =============================================================
2023-05-31 19:42:49,499 =============================================================
2023-05-31 19:42:49,499 Today is 2023-05-31 at 07:42 PM
2023-05-31 19:42:49,888 This file is running on: nt Windows 10
2023-05-31 19:42:49,888 The Python version is: 3.11.3
2023-05-31 19:42:49,888 The active conda environment is:  None
2023-05-31 19:42:49,889 The active pip environment is:    None
2023-05-31 19:42:49,889 The active environment path is:   C:\Users\WadeBryson\AppData\Local\Programs\Python\Python311
2023-05-31 19:42:49,891 The current working directory is: C:\Users\WadeBryson\Documents\datafun-03-datatypes
2023-05-31 19:42:49,891 This source file is in:           c:\Users\WadeBryson\Documents\datafun-03-datatypes
2023-05-31 19:42:49,892 =============================================================
2023-05-31 19:42:49,892 =============================================================
2023-05-31 19:42:49,892 Calling functions from main block
2023-05-31 19:42:49,892 tupleA = (1, 2, 3, 4, 5)
2023-05-31 19:42:49,892 tupleB = (4, 5, 6, 7, 8)
2023-05-31 19:42:49,892 tupleA = (1, 2, 3, 4, 5)
2023-05-31 19:42:49,892 tupleB = (4, 5, 6, 7, 8)
2023-05-31 19:42:49,892 tupleCat = (1, 2, 3, 4, 5, 4, 5, 6, 7, 8)
2023-05-31 19:42:49,892 tupleAThrice = (1, 2, 3, 4, 5, 1, 2, 3, 4, 5, 1, 2, 3, 4, 5)
2023-05-31 19:42:49,893 Quotient: 3, Remainder: 1
2023-05-31 19:42:49,893 setA = {1, 2, 3, 4, 5}
2023-05-31 19:42:49,893 setB = {4, 5, 6, 7, 8}
2023-05-31 19:42:49,893 dogA_dict = {'name': 'Rex', 'age': 2, 'weight_kg': 13.4}
2023-05-31 19:42:49,893 dogB_dict = {'name': 'Fido', 'age': 3, 'weight_kg': 15.2}
2023-05-31 19:42:49,893 assessment_dict = {'low': 0, 'medium': 1, 'high': 2}
2023-05-31 19:42:49,893 data_dict = {'name': ['Alice', 'Bob', 'Charlie', 'David'], 'age': [25, 30, 35, 40], 'income': [50000, 60000, 70000, 80000]}
2023-05-31 19:42:49,894 Word count is a good way to begin processing text.
2023-05-31 19:42:49,894 Given text_simple.txt, the word_counts_dict = {'One': 1, 'fish': 3, 'two': 1, 'red': 1, 'blue': 1, 'fish.': 1}
2023-05-31 19:42:49,894 Given text_simple.txt and comprehensions,
2023-05-31 19:42:49,894 the the word_counts_dict2 = {'One': 1, 'fish': 3, 'two': 1, 'red': 1, 'blue': 1, 'fish.': 1}
2023-05-31 19:42:49,894 Add more logging statements to the code to see what happens.
2023-05-31 19:42:49,894 Explore enough to understand.
2023-05-31 19:42:49,895 Apply these skills to your own topic domain.
