2023-05-26 10:11:25,202 =============================================================
2023-05-26 10:11:25,202 =============================================================
2023-05-26 10:11:25,202 Today is 2023-05-26 at 10:11 AM
2023-05-26 10:11:25,307 This file is running on: nt Windows 10
2023-05-26 10:11:25,307 The Python version is: 3.11.3
2023-05-26 10:11:25,307 The active conda environment is:  None
2023-05-26 10:11:25,307 The active pip environment is:    None
2023-05-26 10:11:25,307 The active environment path is:   C:\Users\WadeBryson\AppData\Local\Programs\Python\Python311
2023-05-26 10:11:25,307 The current working directory is: C:\Users\WadeBryson\Documents\datafun-03-datatypes
2023-05-26 10:11:25,307 This source file is in:           c:\Users\WadeBryson\Documents\datafun-03-datatypes
2023-05-26 10:11:25,307 =============================================================
2023-05-26 10:11:25,307 =============================================================
2023-05-26 10:11:25,307 Below I have the name, position, and average points per game for each one of your starters:
2023-05-26 10:11:25,307 ('Hayden', 'point guard', 16.4)
2023-05-26 10:11:25,307 ('Trey', 'shooting guard', 8.2)
2023-05-26 10:11:25,307 ('Braxon', 'small forward', 12.6)
2023-05-26 10:11:25,307 ('Gunner', 'power forward', 14.2)
2023-05-26 10:11:25,307 ('Collin', 'center', 6.5)
2023-05-26 10:11:25,307 Does the first name finder work? Is your starting shooting guard named Trey?
2023-05-26 10:11:25,307 Does Braxon play power forward? False
2023-05-26 10:11:25,307 Sorry! I will try again!
2023-05-26 10:11:25,307 Does Gunner play power forwrd? True
2023-05-26 10:11:25,312 Here is a list of the teams that the Boston Celtics defeated this season: {'Knicks', 'Clippers', 'Jazz', 'Heat', 'Hawks', 'Bulls', 'Spurs', 'Hornets', 'Rockets'}
2023-05-26 10:11:25,312 Here is a list of the teams the Chicago Bulls defeated this season: {'Spurs', 'Nuggets', 'Timberwolves', 'Heat', 'Celtics', 'Jazz', 'Grizzlies'}
2023-05-26 10:11:25,312 Here is a combined list of oppenents that the Boston Celtics and Chicago Bulls defeated: {'Knicks', 'Clippers', 'Jazz', 'Heat', 'Hawks', 'Bulls', 'Timberwolves', 'Celtics', 'Spurs', 'Nuggets', 'Hornets', 'Rockets', 'Grizzlies'}
2023-05-26 10:11:25,312 Here is a list of teams that both the Boston Celtics and Chicago Bulls defeated: {'Spurs', 'Jazz', 'Heat'}
2023-05-26 10:11:25,312 Given text_simple.txt and comprehensions,
2023-05-26 10:11:25,312 the the word_counts_dict2 = {'Beautiful': 1, 'is': 10, 'better': 8, 'than': 8, 'ugly.': 1, 'Explicit': 1, 'implicit.': 1, 'Simple': 1, 'complex.': 1, 'Complex': 1, 'complicated.': 1, 'Flat': 1, 'nested.': 1, 'Sparse': 1, 'dense.': 1, 'Readability': 1, 'counts.': 1, 'Special': 1, 'cases': 1, "aren't": 1, 'special': 1, 'enough': 1, 'to': 5, 'break': 1, 'the': 5, 'rules.': 1, 'Although': 3, 'practicality': 1, 'beats': 1, 'purity.': 1, 'Errors': 1, 'should': 2, 'never': 2, 'pass': 1, 'silently.': 1, 'Unless': 1, 'explicitly': 1, 'silenced.': 1, 'In': 1, 'face': 1, 'of': 2, 'ambiguity,': 1, 'refuse': 1, 'temptation': 1, 'guess.': 1, 'There': 1, 'be': 3, 'one--': 1, 'and': 1, 'preferably': 1, 'only': 1, 'one': 2, '--obvious': 1, 'way': 2, 'do': 2, 'it.': 1, 'that': 1, 'may': 2, 'not': 1, 'obvious': 1, 'at': 1, 'first': 1, 'unless': 1, "you're": 1, 'Dutch.': 1, 'Now': 1, 'never.': 1, 'often': 1, '*right*': 1, 'now.': 1, 'If': 2, 'implementation': 2, 'hard': 1, 'explain,': 2, "it's": 1, 'a': 2, 'bad': 1, 'idea.': 2, 'easy': 1, 'it': 1, 'good': 1, 'Namespaces': 1, 'are': 1, 'honking': 1, 'great': 1, 'idea': 1, '--': 1, "let's": 1, 'more': 1, 'those!': 1}
